SF:lib/features/tv/data/datasources/tv_remote_data_source.dart
DA:20,1
DA:22,1
DA:24,2
DA:25,1
DA:27,2
DA:28,4
DA:30,1
DA:34,1
DA:36,2
DA:37,1
DA:40,2
DA:41,4
DA:43,1
DA:47,1
DA:49,2
DA:50,1
DA:53,2
DA:54,4
DA:56,1
DA:60,1
DA:62,2
DA:63,2
DA:66,2
DA:67,3
DA:69,1
DA:73,1
DA:75,2
DA:76,2
DA:79,2
DA:80,4
DA:82,1
DA:86,1
DA:88,2
DA:89,2
DA:92,2
DA:93,4
DA:95,1
LF:37
LH:37
end_of_record
SF:lib/features/tv/data/models/tv_detail_model.dart
DA:6,2
DA:64,1
DA:65,1
DA:66,1
DA:67,1
DA:68,4
DA:69,1
DA:70,3
DA:73,1
DA:74,2
DA:75,0
DA:76,1
DA:77,4
DA:79,1
DA:80,1
DA:81,1
DA:82,4
DA:84,1
DA:85,2
DA:87,1
DA:88,1
DA:89,1
DA:90,1
DA:91,1
DA:92,3
DA:94,1
DA:95,1
DA:96,1
DA:97,2
DA:98,1
DA:99,1
DA:100,3
DA:102,1
DA:103,1
DA:104,1
DA:105,2
DA:106,1
DA:109,1
DA:110,1
DA:111,1
DA:112,1
DA:113,1
DA:114,5
DA:115,1
DA:116,1
DA:117,1
DA:118,1
DA:119,1
DA:120,1
DA:121,5
DA:122,1
DA:123,1
DA:124,1
DA:125,1
DA:126,1
DA:127,1
DA:131,1
DA:132,1
DA:133,1
DA:134,1
DA:135,1
DA:136,1
DA:137,1
DA:138,1
DA:139,1
DA:140,1
DA:141,1
DA:142,1
DA:143,1
DA:144,1
DA:145,1
DA:146,1
DA:147,1
DA:148,1
DA:149,1
DA:150,1
DA:151,1
DA:152,1
DA:153,1
DA:154,1
DA:155,1
DA:156,1
DA:157,1
DA:158,1
DA:159,1
LF:85
LH:84
end_of_record
SF:lib/features/tv/data/models/tv_response.dart
DA:7,2
DA:9,4
DA:10,10
DA:13,2
DA:14,5
DA:17,1
DA:18,2
LF:7
LH:7
end_of_record
SF:lib/features/movies/data/datasources/db/movie_database_helper.dart
DA:10,1
DA:14,1
DA:15,1
DA:17,1
DA:22,1
DA:23,1
DA:30,1
DA:31,1
DA:32,1
DA:34,2
DA:38,1
DA:39,1
DA:47,1
DA:58,1
DA:63,1
DA:64,2
DA:65,2
DA:66,1
DA:67,1
DA:68,1
DA:73,1
DA:74,1
DA:75,1
DA:78,1
DA:84,1
DA:85,1
DA:86,1
DA:89,1
DA:93,1
DA:94,1
DA:95,2
DA:98,1
DA:99,1
DA:100,1
DA:103,2
DA:107,1
DA:108,1
DA:109,1
DA:112,1
DA:115,1
DA:116,1
DA:122,1
DA:123,1
DA:124,1
LF:44
LH:44
end_of_record
SF:lib/features/movies/data/datasources/movie_local_data_source.dart
DA:18,1
DA:23,1
DA:26,2
DA:29,2
DA:33,1
DA:36,2
DA:39,2
DA:43,1
DA:45,2
DA:47,1
DA:53,1
DA:55,2
DA:56,4
DA:59,1
DA:61,2
DA:62,2
DA:65,1
DA:67,2
DA:68,1
DA:69,4
DA:71,1
LF:21
LH:21
end_of_record
SF:lib/features/movies/data/datasources/movie_remote_data_source.dart
DA:20,1
DA:22,1
DA:24,2
DA:25,1
DA:28,2
DA:29,4
DA:31,1
DA:35,1
DA:37,2
DA:38,2
DA:41,2
DA:42,3
DA:44,1
DA:48,1
DA:50,2
DA:51,2
DA:54,2
DA:55,4
DA:57,1
DA:61,1
DA:63,2
DA:64,1
DA:67,2
DA:68,4
DA:70,1
DA:74,1
DA:76,2
DA:77,1
DA:80,2
DA:81,4
DA:83,1
DA:87,1
DA:89,2
DA:90,2
DA:93,2
DA:94,4
DA:96,1
LF:37
LH:37
end_of_record
SF:lib/features/movies/data/models/movie_detail_model.dart
DA:6,2
DA:52,1
DA:53,1
DA:54,1
DA:55,1
DA:56,1
DA:57,1
DA:58,4
DA:60,1
DA:61,1
DA:62,1
DA:63,1
DA:64,1
DA:65,1
DA:66,2
DA:67,1
DA:68,1
DA:69,1
DA:70,1
DA:71,1
DA:72,1
DA:73,1
DA:74,1
DA:75,2
DA:76,1
DA:79,1
DA:80,1
DA:81,1
DA:82,1
DA:83,5
DA:84,1
DA:85,1
DA:86,1
DA:87,1
DA:88,1
DA:89,1
DA:90,1
DA:91,1
DA:92,1
DA:96,1
DA:97,1
DA:98,1
DA:99,1
DA:100,1
DA:101,1
DA:102,1
DA:103,1
DA:104,1
DA:105,1
DA:106,1
DA:107,1
DA:108,1
DA:109,1
DA:110,1
DA:111,1
DA:112,1
DA:113,1
DA:114,1
DA:115,1
DA:116,1
DA:117,1
DA:118,1
LF:62
LH:62
end_of_record
SF:lib/features/movies/domain/usecases/get_movie_detail.dart
DA:9,1
DA:11,1
DA:12,2
LF:3
LH:3
end_of_record
SF:lib/features/movies/domain/usecases/get_movie_recommendations.dart
DA:9,1
DA:11,1
DA:12,2
LF:3
LH:3
end_of_record
SF:lib/features/movies/domain/usecases/get_watchlist_movies.dart
DA:9,1
DA:11,1
DA:12,2
LF:3
LH:3
end_of_record
SF:lib/features/movies/domain/usecases/get_watchlist_status_movie.dart
DA:6,1
DA:8,1
DA:9,2
LF:3
LH:3
end_of_record
SF:lib/features/movies/domain/usecases/remove_watchlist_movie.dart
DA:9,1
DA:11,1
DA:12,2
LF:3
LH:3
end_of_record
SF:lib/features/movies/domain/usecases/save_watchlist_movie.dart
DA:9,1
DA:11,1
DA:12,2
LF:3
LH:3
end_of_record
SF:lib/features/movies/domain/usecases/search_movies.dart
DA:9,1
DA:12,1
DA:13,2
LF:3
LH:3
end_of_record
SF:lib/features/tv/data/datasources/db/tv_database_helper.dart
DA:9,1
DA:13,2
DA:17,1
DA:18,1
DA:25,1
DA:26,1
DA:27,1
DA:29,2
DA:33,1
DA:34,1
DA:42,1
DA:53,1
DA:57,1
DA:61,1
DA:62,2
DA:63,2
DA:64,1
DA:65,1
DA:66,1
DA:71,1
DA:72,1
DA:73,1
DA:76,1
DA:82,1
DA:83,1
DA:84,1
DA:87,1
DA:91,1
DA:92,1
DA:93,2
DA:94,1
DA:95,1
DA:96,1
DA:97,1
DA:101,1
DA:102,1
DA:103,3
DA:106,1
DA:107,1
DA:108,1
DA:111,1
DA:114,1
DA:115,1
DA:121,1
DA:122,1
DA:123,1
LF:46
LH:46
end_of_record
SF:lib/features/tv/data/datasources/tv_local_data_source.dart
DA:17,1
DA:22,1
DA:25,2
DA:28,2
DA:32,1
DA:35,2
DA:38,2
DA:42,1
DA:44,2
DA:46,1
DA:52,1
DA:54,2
DA:55,4
DA:58,1
DA:60,2
DA:61,2
DA:64,1
DA:66,2
DA:67,1
DA:68,4
DA:70,1
LF:21
LH:21
end_of_record
SF:lib/features/tv/domain/usecases/get_tv_detail.dart
DA:8,1
DA:10,1
DA:11,2
LF:3
LH:3
end_of_record
SF:lib/features/tv/domain/usecases/get_tv_recommendations.dart
DA:9,1
DA:11,1
DA:12,2
LF:3
LH:3
end_of_record
SF:lib/features/tv/domain/usecases/get_watchlist_status_tv.dart
DA:6,1
DA:8,1
DA:9,2
LF:3
LH:3
end_of_record
SF:lib/features/tv/domain/usecases/get_watchlist_tv.dart
DA:7,1
DA:9,1
DA:10,2
LF:3
LH:3
end_of_record
SF:lib/features/tv/domain/usecases/remove_watchlist_tv.dart
DA:7,1
DA:9,1
DA:10,2
LF:3
LH:3
end_of_record
SF:lib/features/tv/domain/usecases/save_watchlist_tv.dart
DA:8,1
DA:10,1
DA:11,2
LF:3
LH:3
end_of_record
SF:lib/features/tv/domain/usecases/search_tv.dart
DA:8,1
DA:10,1
DA:11,2
LF:3
LH:3
end_of_record
SF:lib/features/movies/data/models/movie_response.dart
DA:7,2
DA:9,4
DA:10,2
DA:11,2
DA:12,6
DA:13,6
DA:17,2
DA:18,5
DA:21,1
DA:22,2
LF:10
LH:10
end_of_record
SF:lib/features/tv/data/models/genre_model.dart
DA:5,4
DA:10,2
DA:11,6
DA:14,2
DA:15,6
DA:18,2
DA:19,6
LF:7
LH:7
end_of_record
SF:lib/features/movies/data/repositories/movie_repository_impl.dart
DA:16,1
DA:22,1
DA:24,2
DA:26,2
DA:27,2
DA:28,4
DA:30,5
DA:31,1
DA:32,2
DA:33,1
DA:34,2
DA:38,2
DA:39,5
DA:40,1
DA:41,3
DA:46,1
DA:49,2
DA:50,2
DA:51,1
DA:52,2
DA:53,1
DA:54,2
DA:58,1
DA:61,2
DA:62,3
DA:63,1
DA:64,2
DA:65,1
DA:66,2
DA:70,1
DA:73,2
DA:74,5
DA:75,1
DA:76,2
DA:77,1
DA:78,2
DA:82,1
DA:85,2
DA:86,5
DA:87,1
DA:88,2
DA:89,1
DA:90,2
DA:94,1
DA:97,2
DA:98,5
DA:99,1
DA:100,2
DA:101,1
DA:102,2
DA:106,1
DA:109,2
DA:110,1
DA:112,1
DA:113,1
DA:114,3
DA:120,1
DA:123,2
DA:124,1
DA:126,1
DA:127,1
DA:128,3
DA:132,1
DA:134,2
DA:138,1
DA:140,2
DA:141,5
LF:67
LH:67
end_of_record
SF:lib/features/tv/data/repositories/tv_repository_impl.dart
DA:16,1
DA:22,1
DA:24,2
DA:26,2
DA:27,2
DA:28,4
DA:30,5
DA:31,1
DA:32,2
DA:33,1
DA:34,2
DA:38,2
DA:39,5
DA:40,1
DA:41,3
DA:46,1
DA:49,2
DA:50,2
DA:51,1
DA:52,2
DA:53,1
DA:54,2
DA:58,1
DA:61,2
DA:62,3
DA:63,1
DA:64,2
DA:65,1
DA:66,2
DA:70,1
DA:73,2
DA:74,5
DA:75,1
DA:76,2
DA:77,1
DA:78,2
DA:82,1
DA:85,2
DA:86,5
DA:87,1
DA:88,2
DA:89,1
DA:90,2
DA:94,1
DA:97,2
DA:98,5
DA:99,1
DA:100,2
DA:101,1
DA:102,2
DA:106,1
DA:109,2
DA:110,1
DA:112,1
DA:113,1
DA:114,3
DA:120,1
DA:123,2
DA:124,1
DA:126,1
DA:127,1
DA:128,3
DA:132,1
DA:134,2
DA:138,1
DA:140,2
DA:141,5
LF:67
LH:67
end_of_record
SF:lib/features/tv/presentation/bloc/detail/tv_detail_event.dart
DA:4,5
DA:10,5
DA:12,1
DA:13,2
DA:19,2
DA:21,1
DA:22,2
DA:28,2
DA:30,1
DA:31,2
DA:37,3
DA:39,1
DA:40,2
DA:46,2
DA:48,1
DA:49,2
LF:16
LH:16
end_of_record
SF:lib/features/tv/presentation/bloc/detail/tv_detail_state.dart
DA:4,3
DA:6,2
DA:7,2
DA:17,2
DA:19,1
DA:20,2
DA:29,3
DA:36,2
DA:42,2
DA:43,2
DA:44,2
DA:45,1
DA:46,2
DA:50,2
DA:51,2
DA:52,2
DA:53,2
DA:54,2
DA:55,2
LF:19
LH:19
end_of_record
SF:lib/features/tv/presentation/bloc/detail/tv_detail_bloc.dart
DA:21,2
DA:27,4
DA:28,4
DA:29,4
DA:30,4
DA:31,4
DA:32,4
DA:35,2
DA:39,4
DA:40,6
DA:41,2
DA:42,1
DA:43,3
DA:45,2
DA:46,6
DA:47,6
DA:49,2
DA:50,1
DA:51,1
DA:52,1
DA:54,1
DA:59,2
DA:60,2
DA:61,2
DA:73,1
DA:77,2
DA:78,1
DA:80,3
DA:81,6
DA:84,4
DA:85,1
DA:86,1
DA:94,1
DA:98,2
DA:99,1
DA:101,3
DA:102,2
DA:105,4
DA:106,1
DA:107,1
DA:115,2
DA:119,6
DA:121,4
DA:122,1
DA:123,2
DA:125,4
DA:129,1
DA:133,2
DA:134,1
DA:136,3
DA:137,1
DA:138,1
DA:139,3
DA:141,1
DA:142,1
DA:143,1
DA:144,1
DA:146,1
LF:58
LH:58
end_of_record
SF:lib/features/tv/presentation/pages/tv_detail_page.dart
DA:12,2
DA:14,1
DA:15,1
DA:19,1
DA:21,1
DA:22,2
DA:23,1
DA:24,2
DA:25,4
DA:26,4
DA:31,1
DA:33,1
DA:34,1
DA:35,1
DA:36,1
DA:37,0
DA:38,0
DA:39,0
DA:40,0
DA:45,1
DA:46,1
DA:47,1
DA:49,1
DA:50,1
DA:51,1
DA:53,1
DA:54,1
DA:55,0
DA:57,0
DA:59,0
DA:63,1
DA:64,3
DA:81,1
DA:89,1
DA:91,3
DA:92,1
DA:93,1
DA:94,1
DA:95,3
DA:98,1
DA:100,0
DA:102,1
DA:104,1
DA:105,1
DA:106,1
DA:112,1
DA:113,1
DA:114,1
DA:116,1
DA:118,1
DA:120,1
DA:121,4
DA:122,1
DA:124,0
DA:125,0
DA:126,0
DA:128,1
DA:130,1
DA:131,1
DA:138,1
DA:139,5
DA:141,1
DA:142,10
DA:144,1
DA:145,1
DA:146,1
DA:147,3
DA:150,1
DA:156,4
DA:160,2
DA:161,3
DA:163,2
DA:164,1
DA:165,1
DA:166,1
DA:170,1
DA:171,1
DA:173,1
DA:175,1
DA:176,2
DA:177,1
DA:179,1
DA:180,0
DA:181,0
DA:184,0
DA:187,1
DA:192,1
DA:194,2
DA:196,1
DA:204,0
DA:211,2
DA:214,0
DA:215,0
DA:224,1
DA:226,1
DA:239,1
DA:240,1
DA:242,1
DA:245,1
DA:247,0
DA:248,0
LF:101
LH:82
end_of_record
SF:lib/features/tv/presentation/bloc/search/search_tv_bloc.dart
DA:11,6
DA:12,3
DA:13,1
DA:14,2
DA:15,2
DA:16,1
DA:17,1
DA:18,3
DA:20,1
DA:21,2
DA:24,2
DA:26,2
DA:27,6
LF:13
LH:13
end_of_record
SF:lib/features/tv/presentation/bloc/search/search_tv_state.dart
DA:4,2
DA:6,2
DA:7,2
DA:16,2
DA:17,1
DA:18,2
DA:23,2
DA:24,1
DA:25,2
LF:9
LH:9
end_of_record
SF:lib/features/tv/presentation/bloc/search/search_tv_event.dart
DA:4,4
DA:9,4
DA:10,2
DA:11,4
LF:4
LH:4
end_of_record
SF:lib/features/tv/presentation/pages/tv_search_page.dart
DA:7,1
DA:9,1
DA:11,1
DA:12,1
DA:13,1
DA:15,1
DA:17,1
DA:18,1
DA:19,1
DA:20,3
DA:30,1
DA:31,1
DA:32,1
DA:34,1
DA:35,1
DA:36,1
DA:37,1
DA:39,1
DA:40,1
DA:41,1
DA:43,1
DA:46,1
DA:47,1
DA:48,1
DA:49,1
DA:51,1
DA:52,2
DA:54,1
DA:55,0
DA:56,0
DA:57,0
DA:67,2
LF:32
LH:29
end_of_record
SF:lib/features/tv/presentation/widgets/media_card_list.dart
DA:9,6
DA:11,6
DA:13,6
DA:15,6
DA:16,0
DA:17,0
DA:19,0
DA:20,0
DA:23,6
DA:25,6
DA:26,6
DA:27,6
DA:33,6
DA:35,6
DA:36,6
DA:37,18
DA:40,6
DA:42,6
DA:43,6
DA:44,12
DA:52,6
DA:54,6
DA:55,12
DA:56,6
DA:58,30
DA:59,12
DA:60,6
DA:63,6
DA:64,12
DA:65,0
LF:30
LH:25
end_of_record
SF:lib/features/tv/presentation/bloc/top_rated/top_rated_tv_event.dart
DA:4,3
DA:6,1
DA:7,1
LF:3
LH:3
end_of_record
SF:lib/features/tv/presentation/bloc/top_rated/top_rated_tv_bloc.dart
DA:11,6
DA:12,4
DA:13,4
DA:14,4
DA:15,2
DA:16,8
DA:17,6
LF:7
LH:7
end_of_record
SF:lib/features/tv/presentation/bloc/top_rated/top_rated_tv_state.dart
DA:4,3
DA:6,2
DA:7,2
DA:14,3
DA:16,1
DA:17,2
DA:21,2
DA:23,1
DA:24,2
LF:9
LH:9
end_of_record
SF:lib/features/tv/presentation/pages/top_rated_tv_page.dart
DA:8,1
DA:10,1
DA:11,1
DA:15,1
DA:17,1
DA:18,2
DA:19,1
DA:20,4
DA:24,1
DA:26,1
DA:27,2
DA:28,1
DA:30,1
DA:31,1
DA:32,1
DA:33,2
DA:34,1
DA:35,1
DA:36,1
DA:37,1
DA:38,1
DA:39,1
DA:40,0
DA:41,0
DA:43,0
DA:45,1
DA:48,1
DA:50,1
DA:51,1
DA:52,3
DA:54,1
DA:55,3
DA:57,0
LF:33
LH:29
end_of_record
SF:lib/features/tv/presentation/bloc/popular/popular_tv_state.dart
DA:4,3
DA:6,2
DA:7,2
DA:17,3
DA:19,1
DA:20,2
DA:26,2
DA:28,1
DA:29,2
LF:9
LH:9
end_of_record
SF:lib/features/tv/presentation/bloc/popular/popular_tv_bloc.dart
DA:10,6
DA:11,4
DA:12,4
DA:13,4
DA:14,2
DA:15,8
DA:16,6
LF:7
LH:7
end_of_record
SF:lib/features/tv/presentation/bloc/popular/popular_tv_event.dart
DA:4,3
DA:6,1
DA:7,1
LF:3
LH:3
end_of_record
SF:lib/features/tv/presentation/pages/popular_tv_page.dart
DA:7,1
DA:9,1
DA:10,1
DA:14,1
DA:16,1
DA:17,2
DA:18,1
DA:19,4
DA:23,1
DA:25,1
DA:26,2
DA:27,1
DA:29,1
DA:30,1
DA:31,1
DA:32,2
DA:33,1
DA:34,1
DA:35,1
DA:36,1
DA:37,1
DA:38,1
DA:40,1
DA:42,1
DA:43,1
DA:45,2
DA:47,1
DA:48,1
DA:49,1
DA:50,1
LF:30
LH:30
end_of_record
SF:lib/features/movies/presentation/bloc/top_rated/top_rated_movies_bloc.dart
DA:11,6
DA:12,4
DA:13,4
DA:14,4
DA:15,2
DA:16,8
DA:17,6
LF:7
LH:7
end_of_record
SF:lib/features/movies/presentation/bloc/top_rated/top_rated_movies_event.dart
DA:4,3
DA:6,1
DA:7,1
LF:3
LH:3
end_of_record
SF:lib/features/movies/presentation/bloc/top_rated/top_rated_movies_state.dart
DA:5,3
DA:7,2
DA:8,2
DA:14,3
DA:15,1
DA:16,2
DA:20,2
DA:21,1
DA:22,2
LF:9
LH:9
end_of_record
SF:lib/features/movies/presentation/pages/top_rated_movies_page.dart
DA:6,1
DA:8,1
DA:9,1
DA:13,1
DA:15,1
DA:16,2
DA:17,1
DA:18,4
DA:23,1
DA:25,1
DA:26,1
DA:27,1
DA:29,1
DA:30,1
DA:31,1
DA:33,1
DA:34,1
DA:35,1
DA:36,1
DA:37,1
DA:38,1
DA:40,1
DA:42,1
DA:43,1
DA:44,3
DA:46,1
LF:26
LH:26
end_of_record
SF:lib/features/movies/presentation/bloc/search/search_movie_state.dart
DA:4,2
DA:6,2
DA:7,2
DA:15,2
DA:17,1
DA:18,2
DA:24,2
DA:26,1
DA:27,2
LF:9
LH:9
end_of_record
SF:lib/features/movies/presentation/bloc/search/search_movie_event.dart
DA:4,4
DA:12,4
DA:14,1
DA:15,2
LF:4
LH:4
end_of_record
SF:lib/features/movies/presentation/bloc/search/search_movie_bloc.dart
DA:11,6
DA:12,3
DA:13,1
DA:14,2
DA:15,2
DA:17,1
DA:18,1
DA:19,3
DA:21,1
DA:22,2
DA:25,2
DA:27,2
DA:28,6
LF:13
LH:13
end_of_record
SF:lib/features/movies/presentation/pages/movie_search_page.dart
DA:7,1
DA:9,1
DA:11,1
DA:12,1
DA:13,1
DA:15,1
DA:17,1
DA:18,1
DA:19,1
DA:20,3
DA:30,1
DA:31,1
DA:32,1
DA:34,1
DA:35,1
DA:36,1
DA:37,1
DA:39,1
DA:40,1
DA:41,1
DA:43,1
DA:46,1
DA:47,1
DA:48,1
DA:49,1
DA:51,1
DA:52,2
DA:54,1
DA:55,0
DA:56,0
DA:57,0
DA:67,1
LF:32
LH:29
end_of_record
SF:lib/features/movies/presentation/bloc/detail/movie_detail_state.dart
DA:6,3
DA:8,2
DA:9,2
DA:19,2
DA:21,1
DA:22,2
DA:31,3
DA:38,2
DA:44,2
DA:45,2
DA:46,2
DA:47,1
DA:52,2
DA:53,2
DA:54,2
DA:55,2
DA:56,2
DA:57,2
LF:18
LH:18
end_of_record
SF:lib/features/movies/presentation/pages/movie_detail_page.dart
DA:15,2
DA:17,1
DA:18,1
DA:22,1
DA:24,1
DA:25,2
DA:26,1
DA:27,2
DA:28,4
DA:29,4
DA:34,1
DA:36,1
DA:37,1
DA:38,1
DA:39,1
DA:41,1
DA:42,3
DA:43,1
DA:44,1
DA:45,1
DA:46,1
DA:47,1
DA:48,0
DA:50,0
DA:51,0
DA:54,0
DA:59,1
DA:73,1
DA:81,1
DA:83,1
DA:84,0
DA:85,0
DA:86,0
DA:90,0
DA:91,0
DA:92,0
DA:95,1
DA:96,1
DA:97,1
DA:98,3
DA:99,3
DA:101,1
DA:103,0
DA:105,1
DA:107,1
DA:108,1
DA:109,1
DA:117,1
DA:118,1
DA:119,1
DA:121,1
DA:123,1
DA:125,1
DA:126,4
DA:127,1
DA:129,0
DA:130,0
DA:131,0
DA:133,1
DA:135,1
DA:136,1
DA:143,4
DA:144,4
DA:145,1
DA:146,1
DA:147,1
DA:148,3
DA:151,1
DA:157,4
DA:161,2
DA:162,3
DA:164,2
DA:165,2
DA:166,1
DA:168,1
DA:170,1
DA:172,2
DA:173,1
DA:175,1
DA:176,0
DA:177,0
DA:180,0
DA:183,1
DA:188,1
DA:190,1
DA:192,2
DA:194,1
DA:202,0
DA:211,2
DA:215,0
DA:222,1
DA:224,1
DA:237,1
DA:238,1
DA:240,1
DA:243,1
DA:245,0
DA:246,0
DA:257,1
DA:259,2
DA:260,3
DA:263,1
DA:267,3
DA:270,1
DA:271,1
DA:272,1
DA:274,1
DA:275,1
DA:277,0
LF:109
LH:87
end_of_record
SF:lib/features/movies/presentation/bloc/detail/movie_detail_bloc.dart
DA:18,2
DA:24,4
DA:25,4
DA:26,4
DA:27,4
DA:28,4
DA:29,4
DA:32,2
DA:36,4
DA:37,6
DA:38,2
DA:39,1
DA:40,3
DA:42,2
DA:43,6
DA:44,6
DA:46,2
DA:47,1
DA:48,1
DA:49,1
DA:51,1
DA:56,2
DA:57,2
DA:58,2
DA:70,1
DA:74,2
DA:75,1
DA:77,3
DA:78,1
DA:79,1
DA:80,3
DA:82,1
DA:83,1
DA:84,1
DA:85,1
DA:87,1
DA:94,1
DA:98,2
DA:99,1
DA:101,3
DA:102,1
DA:103,4
DA:104,1
DA:105,4
DA:106,1
DA:107,1
DA:117,1
DA:121,2
DA:122,1
DA:124,3
DA:125,1
DA:126,4
DA:127,1
DA:128,4
DA:129,1
DA:130,1
DA:140,2
DA:144,6
DA:146,4
DA:147,1
DA:148,2
DA:150,4
LF:62
LH:62
end_of_record
SF:lib/features/movies/presentation/bloc/detail/movie_detail_event.dart
DA:5,5
DA:11,5
DA:13,1
DA:14,2
DA:20,2
DA:22,1
DA:23,2
DA:29,2
DA:31,1
DA:32,2
DA:38,3
DA:40,1
DA:41,2
DA:47,2
DA:49,1
DA:50,2
LF:16
LH:16
end_of_record
SF:lib/features/tv/presentation/bloc/watchlist/watchlist_tv_state.dart
DA:4,2
DA:6,2
DA:7,2
DA:14,1
DA:16,1
DA:17,2
DA:21,2
DA:23,2
DA:24,4
LF:9
LH:9
end_of_record
SF:lib/features/tv/presentation/bloc/watchlist/watchlist_tv_bloc.dart
DA:10,6
DA:11,4
DA:12,4
DA:14,4
DA:15,8
DA:16,2
DA:17,2
DA:19,4
LF:8
LH:8
end_of_record
SF:lib/features/tv/presentation/bloc/watchlist/watchlist_tv_event.dart
DA:4,3
DA:6,1
DA:7,1
LF:3
LH:3
end_of_record
SF:lib/features/movies/presentation/bloc/popular/popular_movies_state.dart
DA:4,3
DA:5,2
DA:6,2
DA:16,2
DA:18,1
DA:19,2
DA:24,3
DA:26,1
DA:27,2
LF:9
LH:9
end_of_record
SF:lib/features/movies/presentation/bloc/popular/popular_movies_bloc.dart
DA:10,6
DA:11,4
DA:12,4
DA:13,4
DA:14,2
DA:15,8
DA:16,6
LF:7
LH:7
end_of_record
SF:lib/features/movies/presentation/bloc/popular/popular_movies_event.dart
DA:4,3
DA:6,1
DA:7,1
LF:3
LH:3
end_of_record
SF:lib/features/movies/presentation/pages/popular_movies_page.dart
DA:7,1
DA:9,1
DA:10,1
DA:14,1
DA:16,1
DA:17,2
DA:18,1
DA:19,4
DA:23,1
DA:25,1
DA:26,1
DA:27,1
DA:29,1
DA:30,1
DA:31,1
DA:33,1
DA:34,1
DA:35,1
DA:36,1
DA:37,1
DA:38,1
DA:40,1
DA:42,1
DA:43,1
DA:45,2
DA:48,1
DA:49,1
DA:51,1
DA:52,1
LF:29
LH:29
end_of_record
SF:lib/features/tv/presentation/widgets/tv_list.dart
DA:9,1
DA:11,1
DA:13,1
DA:15,1
DA:17,1
DA:18,2
DA:19,1
DA:21,1
DA:22,0
DA:23,0
DA:26,0
DA:29,1
DA:30,1
DA:31,1
DA:32,2
DA:33,1
DA:34,2
DA:36,1
DA:37,2
DA:38,0
DA:41,1
DA:45,1
DA:46,1
DA:47,1
DA:50,1
DA:54,1
DA:55,1
DA:56,1
DA:72,2
LF:29
LH:25
end_of_record
SF:lib/features/movies/presentation/bloc/watchlist/watchlist_movie_event.dart
DA:4,2
DA:6,1
DA:7,1
LF:3
LH:3
end_of_record
SF:lib/features/movies/presentation/bloc/watchlist/watchlist_movie_bloc.dart
DA:10,3
DA:11,2
DA:12,2
DA:14,2
DA:15,6
DA:18,1
DA:19,2
DA:21,2
LF:8
LH:8
end_of_record
SF:lib/features/movies/presentation/bloc/watchlist/watchlist_movie_state.dart
DA:5,1
DA:7,1
DA:8,1
DA:17,1
DA:18,1
DA:19,2
DA:24,1
DA:25,1
DA:26,2
LF:9
LH:9
end_of_record
