SF:lib/data/datasources/movie_local_data_source.dart
DA:17,1
DA:19,1
DA:22,2
DA:25,2
DA:29,1
DA:32,2
DA:35,2
DA:39,1
DA:41,2
DA:43,1
DA:49,1
DA:51,2
DA:52,4
DA:55,1
DA:57,2
DA:58,2
DA:61,1
DA:63,2
DA:64,1
DA:65,4
DA:67,1
LF:21
LH:21
end_of_record
SF:lib/data/models/movie_detail_model.dart
DA:6,2
DA:52,1
DA:53,1
DA:54,1
DA:55,1
DA:56,1
DA:57,1
DA:58,4
DA:60,1
DA:61,1
DA:62,1
DA:63,1
DA:64,1
DA:65,1
DA:66,2
DA:67,1
DA:68,1
DA:69,1
DA:70,1
DA:71,1
DA:72,1
DA:73,1
DA:74,1
DA:75,2
DA:76,1
DA:79,1
DA:80,1
DA:81,1
DA:82,1
DA:83,5
DA:84,1
DA:85,1
DA:86,1
DA:87,1
DA:88,1
DA:89,1
DA:90,1
DA:91,1
DA:92,1
DA:96,1
DA:97,1
DA:98,1
DA:99,1
DA:100,1
DA:101,1
DA:102,1
DA:103,1
DA:104,1
DA:105,1
DA:106,1
DA:107,1
DA:108,1
DA:109,1
DA:110,1
DA:111,1
DA:112,1
DA:113,1
DA:114,1
DA:115,1
DA:116,1
DA:117,1
DA:118,1
LF:62
LH:62
end_of_record
SF:lib/data/models/tv_detail_model.dart
DA:6,2
DA:64,1
DA:65,1
DA:66,1
DA:67,1
DA:68,4
DA:69,1
DA:70,3
DA:73,1
DA:74,2
DA:75,0
DA:76,1
DA:77,4
DA:79,1
DA:80,1
DA:81,1
DA:82,4
DA:84,1
DA:85,2
DA:87,1
DA:88,1
DA:89,1
DA:90,1
DA:91,1
DA:92,3
DA:94,1
DA:95,1
DA:96,1
DA:97,2
DA:98,1
DA:99,1
DA:100,3
DA:102,1
DA:103,1
DA:104,1
DA:105,2
DA:106,1
DA:109,1
DA:110,1
DA:111,1
DA:112,1
DA:113,1
DA:114,5
DA:115,1
DA:116,1
DA:117,1
DA:118,1
DA:119,1
DA:120,1
DA:121,5
DA:122,1
DA:123,1
DA:124,1
DA:125,1
DA:126,1
DA:127,1
DA:131,1
DA:132,1
DA:133,1
DA:134,1
DA:135,1
DA:136,1
DA:137,1
DA:138,1
DA:139,1
DA:140,1
DA:141,1
DA:142,1
DA:143,1
DA:144,1
DA:145,1
DA:146,1
DA:147,1
DA:148,1
DA:149,1
DA:150,1
DA:151,1
DA:152,1
DA:153,1
DA:154,1
DA:155,1
DA:156,1
DA:157,1
DA:158,1
DA:159,1
LF:85
LH:84
end_of_record
SF:lib/data/models/genre_model.dart
DA:5,4
DA:10,2
DA:11,6
DA:12,2
DA:13,6
DA:16,2
DA:17,6
LF:7
LH:7
end_of_record
SF:lib/data/datasources/db/movie_database_helper.dart
DA:10,1
DA:14,1
DA:15,1
DA:18,1
DA:23,1
DA:24,0
DA:31,0
DA:32,0
DA:33,0
DA:35,0
DA:39,0
DA:40,0
DA:48,0
DA:59,1
DA:64,1
DA:65,2
DA:66,2
DA:67,1
DA:68,1
DA:69,1
DA:74,1
DA:75,1
DA:76,1
DA:79,1
DA:85,1
DA:86,1
DA:87,1
DA:90,1
DA:94,1
DA:95,1
DA:96,2
DA:99,1
DA:100,1
DA:101,1
DA:104,2
DA:108,1
DA:109,1
DA:110,1
DA:113,1
DA:116,1
DA:117,1
DA:123,1
DA:124,1
DA:125,1
LF:44
LH:36
end_of_record
SF:lib/data/datasources/db/tv_database_helper.dart
DA:9,1
DA:13,2
DA:17,1
DA:18,1
DA:25,1
DA:26,1
DA:27,1
DA:29,2
DA:33,0
DA:34,0
DA:42,0
DA:53,1
DA:57,1
DA:61,1
DA:62,2
DA:63,2
DA:64,1
DA:65,1
DA:66,1
DA:71,1
DA:72,1
DA:73,1
DA:76,1
DA:82,1
DA:83,1
DA:84,1
DA:87,1
DA:91,1
DA:92,1
DA:93,2
DA:94,1
DA:95,1
DA:96,1
DA:97,1
DA:101,1
DA:102,1
DA:103,3
DA:106,1
DA:107,1
DA:108,1
DA:111,1
DA:114,1
DA:115,1
DA:121,1
DA:122,1
DA:123,1
LF:46
LH:43
end_of_record
SF:lib/data/datasources/movie_remote_data_source.dart
DA:20,1
DA:22,1
DA:24,2
DA:25,1
DA:28,2
DA:29,4
DA:31,1
DA:35,1
DA:37,2
DA:38,2
DA:41,2
DA:42,3
DA:44,1
DA:48,1
DA:50,2
DA:51,2
DA:54,2
DA:55,4
DA:57,1
DA:61,1
DA:63,2
DA:64,1
DA:67,2
DA:68,4
DA:70,1
DA:74,1
DA:76,2
DA:77,1
DA:80,2
DA:81,4
DA:83,1
DA:87,1
DA:89,2
DA:90,2
DA:93,2
DA:94,4
DA:96,1
LF:37
LH:37
end_of_record
SF:lib/data/datasources/tv_local_data_source.dart
DA:17,1
DA:19,1
DA:22,2
DA:25,2
DA:29,1
DA:32,2
DA:35,2
DA:39,1
DA:41,2
DA:43,1
DA:49,1
DA:51,2
DA:52,4
DA:55,1
DA:57,2
DA:58,2
DA:61,1
DA:63,2
DA:64,1
DA:65,4
DA:67,1
LF:21
LH:21
end_of_record
SF:lib/data/datasources/tv_remote_data_source.dart
DA:20,1
DA:22,1
DA:24,2
DA:25,1
DA:27,2
DA:28,4
DA:30,1
DA:34,1
DA:36,2
DA:37,1
DA:40,2
DA:41,4
DA:43,1
DA:47,1
DA:49,2
DA:50,1
DA:53,2
DA:54,4
DA:56,1
DA:60,1
DA:62,2
DA:63,2
DA:66,2
DA:67,3
DA:69,1
DA:73,1
DA:75,2
DA:76,2
DA:79,2
DA:80,4
DA:82,1
DA:86,1
DA:88,2
DA:89,2
DA:92,2
DA:93,4
DA:95,1
LF:37
LH:37
end_of_record
SF:lib/domain/usecases/movie/get_movie_detail.dart
DA:8,1
DA:10,1
DA:11,2
LF:3
LH:3
end_of_record
SF:lib/domain/usecases/movie/get_movie_recommendations.dart
DA:9,1
DA:11,1
DA:12,2
LF:3
LH:3
end_of_record
SF:lib/domain/usecases/movie/get_watchlist_movies.dart
DA:9,1
DA:11,1
DA:12,2
LF:3
LH:3
end_of_record
SF:lib/domain/usecases/movie/get_watchlist_status_movie.dart
DA:6,1
DA:8,1
DA:9,2
LF:3
LH:3
end_of_record
SF:lib/domain/usecases/movie/remove_watchlist_movie.dart
DA:9,1
DA:11,1
DA:12,2
LF:3
LH:3
end_of_record
SF:lib/domain/usecases/movie/save_watchlist_movie.dart
DA:9,1
DA:11,1
DA:12,2
LF:3
LH:3
end_of_record
SF:lib/domain/usecases/movie/search_movies.dart
DA:9,1
DA:11,1
DA:12,2
LF:3
LH:3
end_of_record
SF:lib/domain/usecases/tv/get_tv_detail.dart
DA:8,1
DA:10,1
DA:11,2
LF:3
LH:3
end_of_record
SF:lib/domain/usecases/tv/get_tv_recommendations.dart
DA:9,1
DA:11,1
DA:12,2
LF:3
LH:3
end_of_record
SF:lib/domain/usecases/tv/get_watchlist_status_tv.dart
DA:6,1
DA:8,1
DA:9,2
LF:3
LH:3
end_of_record
SF:lib/domain/usecases/tv/get_watchlist_tv.dart
DA:7,1
DA:9,1
DA:10,2
LF:3
LH:3
end_of_record
SF:lib/domain/usecases/tv/remove_watchlist_tv.dart
DA:7,1
DA:9,1
DA:10,2
LF:3
LH:3
end_of_record
SF:lib/domain/usecases/tv/save_watchlist_tv.dart
DA:8,1
DA:10,1
DA:11,2
LF:3
LH:3
end_of_record
SF:lib/domain/usecases/tv/search_tv.dart
DA:8,1
DA:10,1
DA:11,2
LF:3
LH:3
end_of_record
SF:lib/presentation/provider/movies/movie_detail_notifier.dart
DA:21,1
DA:30,2
DA:33,2
DA:36,2
DA:39,2
DA:42,2
DA:45,2
DA:47,1
DA:48,1
DA:49,1
DA:50,2
DA:51,2
DA:52,1
DA:53,1
DA:54,1
DA:55,2
DA:56,1
DA:58,1
DA:59,1
DA:60,1
DA:61,1
DA:62,1
DA:63,1
DA:64,1
DA:65,2
DA:67,1
DA:68,1
DA:69,1
DA:72,1
DA:73,1
DA:79,2
DA:81,1
DA:82,2
DA:84,1
DA:85,1
DA:86,2
DA:88,1
DA:89,1
DA:93,2
DA:96,1
DA:97,2
DA:99,1
DA:100,0
DA:101,0
DA:103,1
DA:104,1
DA:108,2
DA:111,1
DA:112,2
DA:113,1
DA:114,1
LF:51
LH:49
end_of_record
SF:lib/presentation/provider/movies/movie_search_notifier.dart
DA:9,1
DA:12,2
DA:15,2
DA:18,2
DA:20,1
DA:21,1
DA:22,1
DA:24,2
DA:25,1
DA:26,1
DA:27,2
DA:28,1
DA:29,1
DA:31,1
DA:32,1
DA:33,1
DA:34,1
LF:17
LH:17
end_of_record
SF:lib/presentation/provider/movies/top_rated_movies_notifier.dart
DA:7,1
DA:10,2
DA:13,2
DA:16,2
DA:18,1
DA:19,1
DA:20,1
DA:22,2
DA:24,1
DA:25,1
DA:26,2
DA:27,1
DA:28,1
DA:30,1
DA:31,1
DA:32,1
DA:33,1
LF:17
LH:17
end_of_record
SF:lib/presentation/provider/movies/watchlist_movie_notifier.dart
DA:8,2
DA:11,2
DA:14,2
DA:16,1
DA:20,1
DA:21,1
DA:22,1
DA:24,2
DA:25,1
DA:26,1
DA:27,1
DA:28,2
DA:29,1
DA:31,1
DA:32,1
DA:33,1
DA:34,1
LF:17
LH:17
end_of_record
SF:lib/presentation/provider/tv/popular_tv_notifier.dart
DA:9,1
DA:12,2
DA:15,2
DA:18,2
DA:20,1
DA:21,1
DA:22,1
DA:23,2
DA:24,1
DA:25,1
DA:26,2
DA:27,1
DA:28,1
DA:30,1
DA:31,1
DA:32,1
DA:33,1
LF:17
LH:17
end_of_record
SF:lib/presentation/provider/tv/top_rated_tv_notifier.dart
DA:10,1
DA:13,2
DA:16,2
DA:19,2
DA:21,1
DA:22,1
DA:23,1
DA:25,2
DA:26,1
DA:27,1
DA:28,2
DA:29,1
DA:30,1
DA:32,1
DA:33,1
DA:34,1
DA:35,1
LF:17
LH:17
end_of_record
SF:lib/presentation/provider/tv/tv_detail_notifier.dart
DA:17,1
DA:26,2
DA:29,2
DA:32,2
DA:35,2
DA:38,2
DA:41,2
DA:44,2
DA:46,1
DA:47,1
DA:48,1
DA:49,2
DA:50,2
DA:51,1
DA:52,1
DA:53,1
DA:54,2
DA:55,1
DA:57,1
DA:58,1
DA:59,1
DA:60,1
DA:61,1
DA:62,1
DA:63,1
DA:64,2
DA:66,1
DA:67,1
DA:68,1
DA:71,1
DA:72,1
DA:77,1
DA:78,2
DA:79,1
DA:80,1
DA:83,1
DA:84,2
DA:85,1
DA:86,1
DA:87,2
DA:88,1
DA:90,1
DA:91,1
DA:92,1
DA:95,2
DA:98,1
DA:99,2
DA:100,1
DA:101,0
DA:102,0
DA:103,0
DA:105,1
DA:106,1
DA:107,1
DA:110,2
LF:55
LH:52
end_of_record
SF:lib/presentation/provider/tv/tv_search_notifier.dart
DA:9,1
DA:12,2
DA:15,2
DA:18,2
DA:20,1
DA:21,1
DA:22,1
DA:24,2
DA:25,1
DA:26,1
DA:27,2
DA:28,1
DA:29,1
DA:31,1
DA:32,1
DA:33,1
DA:34,1
LF:17
LH:17
end_of_record
SF:lib/presentation/provider/tv/watchlist_tv_notifier.dart
DA:9,1
DA:12,2
DA:15,2
DA:18,2
DA:20,1
DA:21,1
DA:22,1
DA:24,2
DA:25,1
DA:26,1
DA:27,1
DA:28,2
DA:29,1
DA:31,1
DA:32,1
DA:33,1
DA:34,1
LF:17
LH:17
end_of_record
SF:lib/data/models/movie_response.dart
DA:7,2
DA:9,4
DA:10,2
DA:11,2
DA:12,6
DA:13,6
DA:17,2
DA:18,5
DA:21,1
DA:22,2
LF:10
LH:10
end_of_record
SF:lib/data/models/tv_response.dart
DA:7,2
DA:9,4
DA:10,10
DA:13,2
DA:14,5
DA:17,1
DA:18,2
LF:7
LH:7
end_of_record
SF:lib/data/repositories/movie_repository_impl.dart
DA:16,1
DA:22,1
DA:24,2
DA:26,2
DA:27,2
DA:28,4
DA:30,5
DA:31,1
DA:32,2
DA:33,0
DA:34,0
DA:38,2
DA:39,5
DA:40,1
DA:41,3
DA:46,1
DA:49,2
DA:50,2
DA:51,1
DA:52,2
DA:53,1
DA:54,2
DA:58,1
DA:61,2
DA:62,3
DA:63,1
DA:64,2
DA:65,1
DA:66,2
DA:70,1
DA:73,2
DA:74,5
DA:75,1
DA:76,2
DA:77,1
DA:78,2
DA:82,1
DA:85,2
DA:86,5
DA:87,1
DA:88,2
DA:89,1
DA:90,2
DA:94,1
DA:97,2
DA:98,5
DA:99,1
DA:100,2
DA:101,1
DA:102,2
DA:106,1
DA:109,2
DA:110,1
DA:112,1
DA:113,1
DA:114,3
DA:120,1
DA:123,2
DA:124,1
DA:126,1
DA:127,1
DA:128,3
DA:132,1
DA:134,2
DA:138,1
DA:140,2
DA:141,5
LF:67
LH:65
end_of_record
SF:lib/data/repositories/tv_repository_impl.dart
DA:16,1
DA:22,1
DA:24,2
DA:26,2
DA:27,2
DA:28,4
DA:30,5
DA:31,1
DA:32,2
DA:33,0
DA:34,0
DA:38,2
DA:39,5
DA:40,1
DA:41,3
DA:46,1
DA:49,2
DA:50,2
DA:51,1
DA:52,2
DA:53,1
DA:54,2
DA:58,1
DA:61,2
DA:62,3
DA:63,1
DA:64,2
DA:65,1
DA:66,2
DA:70,1
DA:73,2
DA:74,5
DA:75,1
DA:76,2
DA:77,1
DA:78,2
DA:82,1
DA:85,2
DA:86,5
DA:87,1
DA:88,2
DA:89,1
DA:90,2
DA:94,1
DA:97,2
DA:98,5
DA:99,1
DA:100,2
DA:101,1
DA:102,2
DA:106,1
DA:109,2
DA:110,1
DA:112,1
DA:113,1
DA:114,3
DA:120,1
DA:123,2
DA:124,1
DA:126,1
DA:127,1
DA:128,3
DA:132,1
DA:134,2
DA:138,1
DA:140,2
DA:141,5
LF:67
LH:65
end_of_record
SF:lib/presentation/pages/tv/tv_detail_page.dart
DA:15,1
DA:17,1
DA:18,1
DA:22,1
DA:24,1
DA:25,2
DA:26,1
DA:27,1
DA:28,1
DA:30,3
DA:31,1
DA:32,1
DA:34,3
DA:39,1
DA:45,0
DA:47,1
DA:49,1
DA:50,3
DA:53,1
DA:55,1
DA:56,1
DA:57,1
DA:58,2
DA:59,2
DA:60,2
DA:61,1
DA:62,1
DA:64,1
DA:65,1
DA:66,1
DA:67,1
DA:71,3
DA:85,1
DA:93,1
DA:95,3
DA:96,1
DA:97,1
DA:98,1
DA:99,3
DA:102,3
DA:103,0
DA:105,1
DA:107,1
DA:108,1
DA:109,1
DA:110,1
DA:112,2
DA:115,1
DA:116,1
DA:117,1
DA:119,1
DA:121,1
DA:123,1
DA:124,4
DA:125,1
DA:127,3
DA:128,1
DA:129,1
DA:131,1
DA:133,1
DA:134,1
DA:135,1
DA:136,1
DA:137,1
DA:141,1
DA:142,5
DA:144,1
DA:145,10
DA:147,1
DA:148,1
DA:149,1
DA:150,3
DA:153,2
DA:159,4
DA:162,1
DA:163,2
DA:164,3
DA:165,1
DA:166,2
DA:167,1
DA:168,1
DA:169,2
DA:171,1
DA:172,1
DA:174,2
DA:176,3
DA:177,2
DA:179,1
DA:181,1
DA:183,1
DA:184,2
DA:185,1
DA:187,1
DA:188,0
DA:189,0
DA:192,0
DA:195,1
DA:196,1
DA:197,1
DA:199,1
DA:201,2
DA:203,2
DA:205,1
DA:208,0
DA:209,0
DA:215,2
DA:219,0
DA:227,1
DA:229,1
DA:244,1
DA:245,1
DA:247,1
DA:250,1
DA:251,1
DA:252,0
DA:253,0
LF:116
LH:106
end_of_record
SF:lib/presentation/widgets/custom_snackbar.dart
DA:4,2
DA:5,4
DA:6,6
LF:3
LH:3
end_of_record
SF:lib/presentation/pages/tv/tv_search_page.dart
DA:8,1
DA:10,1
DA:12,1
DA:13,1
DA:14,1
DA:16,1
DA:18,1
DA:19,1
DA:20,1
DA:21,1
DA:22,1
DA:25,1
DA:36,1
DA:37,1
DA:38,2
DA:40,2
DA:41,1
DA:42,1
DA:43,1
DA:45,1
DA:46,1
DA:47,1
DA:49,1
DA:52,2
DA:53,1
DA:54,1
DA:55,1
DA:57,1
DA:58,2
DA:60,1
DA:61,0
DA:62,0
DA:65,0
DA:74,2
LF:34
LH:31
end_of_record
SF:lib/presentation/widgets/media_card_list.dart
DA:9,5
DA:11,5
DA:13,5
DA:15,5
DA:16,1
DA:17,1
DA:19,1
DA:20,3
DA:23,5
DA:25,5
DA:26,5
DA:27,5
DA:33,5
DA:35,5
DA:36,5
DA:37,17
DA:40,5
DA:42,5
DA:43,5
DA:44,10
DA:52,5
DA:54,5
DA:55,10
DA:56,5
DA:58,25
DA:59,10
DA:60,5
DA:63,5
DA:64,10
DA:65,0
LF:30
LH:29
end_of_record
SF:lib/presentation/pages/tv/top_rated_tv_page.dart
DA:10,1
DA:12,1
DA:13,1
DA:17,1
DA:19,1
DA:20,2
DA:21,1
DA:22,2
DA:23,2
DA:24,0
DA:29,1
DA:31,1
DA:32,2
DA:33,1
DA:35,1
DA:36,1
DA:37,2
DA:38,2
DA:39,2
DA:40,1
DA:41,1
DA:43,1
DA:44,2
DA:45,1
DA:46,1
DA:47,0
DA:48,1
DA:53,2
DA:54,2
DA:55,0
DA:57,1
DA:58,1
DA:59,2
DA:60,1
DA:61,0
DA:62,0
DA:64,0
DA:66,1
DA:69,2
DA:72,0
LF:40
LH:33
end_of_record
SF:lib/presentation/pages/movies/top_rated_movies_page.dart
DA:9,1
DA:11,1
DA:12,1
DA:16,1
DA:18,1
DA:19,2
DA:20,1
DA:21,1
DA:22,1
DA:24,1
DA:28,1
DA:30,1
DA:31,2
DA:32,1
DA:34,1
DA:35,1
DA:36,2
DA:37,2
DA:38,2
DA:39,1
DA:40,0
DA:41,0
DA:42,0
DA:44,2
DA:47,1
DA:48,1
DA:49,2
LF:27
LH:24
end_of_record
SF:lib/presentation/pages/tv/popular_tv_page.dart
DA:8,1
DA:10,1
DA:11,1
DA:15,1
DA:17,1
DA:18,2
DA:19,1
DA:20,3
DA:24,1
DA:26,1
DA:27,2
DA:28,1
DA:30,1
DA:31,1
DA:32,2
DA:33,2
DA:34,2
DA:35,1
DA:36,1
DA:38,1
DA:39,2
DA:40,1
DA:41,1
DA:42,2
DA:43,1
DA:48,2
DA:49,2
DA:50,2
DA:52,1
DA:53,1
DA:54,2
DA:55,1
DA:56,0
DA:57,0
DA:59,0
DA:61,1
DA:64,2
DA:67,1
LF:38
LH:35
end_of_record
SF:lib/presentation/pages/movies/popular_movies_page.dart
DA:9,1
DA:11,1
DA:12,1
DA:16,1
DA:18,1
DA:19,2
DA:20,1
DA:21,1
DA:22,1
DA:24,1
DA:28,1
DA:30,1
DA:31,2
DA:32,1
DA:34,1
DA:35,1
DA:36,2
DA:37,2
DA:38,2
DA:39,1
DA:40,0
DA:41,0
DA:42,0
DA:44,2
DA:47,1
DA:48,1
DA:49,2
LF:27
LH:24
end_of_record
SF:lib/presentation/pages/movies/movie_search_page.dart
DA:10,1
DA:12,1
DA:14,1
DA:15,1
DA:16,1
DA:18,1
DA:20,1
DA:21,1
DA:22,1
DA:23,1
DA:24,1
DA:27,1
DA:38,1
DA:39,1
DA:40,2
DA:42,2
DA:43,1
DA:44,1
DA:45,1
DA:47,1
DA:48,1
DA:49,1
DA:51,1
DA:54,2
DA:55,1
DA:56,1
DA:57,1
DA:59,1
DA:60,2
DA:62,1
DA:63,0
DA:64,0
DA:67,0
DA:76,2
LF:34
LH:31
end_of_record
SF:lib/presentation/pages/movies/movie_detail_page.dart
DA:15,1
DA:17,1
DA:18,1
DA:22,1
DA:24,1
DA:25,2
DA:26,1
DA:27,1
DA:28,1
DA:30,3
DA:31,1
DA:32,1
DA:34,3
DA:39,1
DA:45,0
DA:47,1
DA:49,1
DA:51,2
DA:52,2
DA:53,3
DA:55,1
DA:56,1
DA:57,1
DA:58,3
DA:64,1
DA:66,1
DA:67,1
DA:68,1
DA:69,2
DA:70,0
DA:71,2
DA:72,1
DA:73,1
DA:75,1
DA:76,1
DA:77,1
DA:78,1
DA:82,0
DA:96,1
DA:104,1
DA:106,3
DA:107,1
DA:108,1
DA:109,1
DA:110,3
DA:113,3
DA:114,0
DA:116,1
DA:118,1
DA:119,1
DA:120,1
DA:121,1
DA:123,2
DA:126,1
DA:127,1
DA:128,1
DA:130,1
DA:132,1
DA:134,1
DA:135,4
DA:136,1
DA:138,3
DA:139,1
DA:140,1
DA:142,1
DA:144,1
DA:145,1
DA:146,1
DA:147,1
DA:148,1
DA:152,4
DA:153,4
DA:154,1
DA:155,1
DA:156,1
DA:157,3
DA:160,2
DA:166,4
DA:169,1
DA:170,2
DA:171,3
DA:172,1
DA:173,2
DA:174,1
DA:175,1
DA:176,2
DA:178,1
DA:179,1
DA:181,2
DA:183,1
DA:185,1
DA:187,1
DA:188,2
DA:189,1
DA:191,1
DA:192,0
DA:193,0
DA:196,0
DA:199,1
DA:200,1
DA:201,1
DA:203,1
DA:205,2
DA:207,2
DA:209,1
DA:212,0
DA:213,0
DA:219,2
DA:223,1
DA:231,1
DA:233,1
DA:248,1
DA:249,1
DA:251,1
DA:254,1
DA:255,1
DA:256,0
DA:257,0
DA:267,1
DA:269,2
DA:270,3
DA:273,1
DA:277,3
DA:280,1
DA:281,1
DA:282,1
DA:284,1
DA:285,1
DA:287,0
LF:129
LH:117
end_of_record
SF:lib/presentation/widgets/tv_list.dart
DA:9,1
DA:11,1
DA:13,1
DA:15,1
DA:17,1
DA:18,2
DA:19,1
DA:21,1
DA:22,0
DA:23,0
DA:26,0
DA:29,1
DA:30,1
DA:31,1
DA:32,2
DA:33,1
DA:34,2
DA:36,1
DA:37,2
DA:38,0
DA:41,1
DA:45,1
DA:46,1
DA:47,1
DA:50,1
DA:54,1
DA:55,1
DA:56,1
DA:72,2
LF:29
LH:25
end_of_record
SF:lib/presentation/pages/watchlist_page.dart
DA:11,1
DA:13,1
DA:14,1
DA:21,1
DA:23,1
DA:24,2
DA:25,2
DA:26,1
DA:27,1
DA:28,1
DA:30,1
DA:31,1
DA:32,1
DA:34,1
DA:38,1
DA:40,1
DA:41,4
DA:44,0
DA:46,0
DA:47,0
DA:48,0
DA:50,0
DA:52,0
DA:53,0
DA:55,0
DA:59,1
DA:61,1
DA:62,1
DA:63,1
DA:64,1
DA:65,1
DA:66,3
DA:69,1
DA:70,1
DA:71,3
DA:76,1
DA:77,1
DA:78,1
DA:79,2
DA:80,2
DA:81,2
DA:82,2
DA:83,2
DA:85,1
DA:86,1
DA:87,1
DA:88,2
DA:89,1
DA:91,2
DA:94,4
DA:100,1
DA:101,1
DA:102,1
DA:103,2
DA:104,0
DA:105,2
DA:106,2
DA:107,2
DA:109,1
DA:110,1
DA:111,1
DA:112,2
DA:113,1
DA:115,2
DA:118,3
DA:124,1
DA:126,2
DA:127,2
DA:128,1
LF:69
LH:60
end_of_record
